0    [main] INFO  eclipse.emf.mwe.core.WorkflowEngine  - --------------------------------------------------------------------------------------
13   [main] INFO  eclipse.emf.mwe.core.WorkflowEngine  - EMF Modeling Workflow Engine 1.2.1, Build v201206110920
13   [main] INFO  eclipse.emf.mwe.core.WorkflowEngine  - (c) 2005-2009 openarchitectureware.org and contributors
13   [main] INFO  eclipse.emf.mwe.core.WorkflowEngine  - --------------------------------------------------------------------------------------
14   [main] INFO  eclipse.emf.mwe.core.WorkflowEngine  - running workflow: C:/Users/Raúl/Documents/workspaceOOH4RIA/gpiER/templates/workflow/generator.mwe
14   [main] INFO  eclipse.emf.mwe.core.WorkflowEngine  - 
1264 [main] INFO  lipse.emf.mwe.utils.StandaloneSetup  - Registering platform uri 'C:\Users\Raúl\Documents\workspaceOOH4RIA'
2387 [main] INFO  lipse.emf.mwe.utils.StandaloneSetup  - Adding generated EPackage 'es.ua.dlsi.ooh.conceptualView.ConceptualViewPackage'
2630 [main] INFO  lipse.emf.mwe.utils.StandaloneSetup  - Adding generated EPackage 'org.eclipse.gmf.runtime.notation.NotationPackage'
3099 [main] INFO  e.core.container.CompositeComponent  - Workflow: executing workflow workflow::nhibernate::generator.mwe in C:/Users/Raúl/Documents/workspaceOOH4RIA/gpiER/templates/workflow/generator.mwe:10
3099 [main] INFO  e.core.container.CompositeComponent  - XmiReader: file 'models/default.domainModel' => slot 'es_ua_dlsi_ooh_conceptual_model'
3708 [main] INFO  e.core.container.CompositeComponent  - CheckComponent: slot es_ua_dlsi_ooh_conceptual_model check file(s): metamodel::Checks 
5156 [main] INFO  e.core.container.CompositeComponent  - Generator(nhibernate.generator): generating 'workflow::nhibernate::workflow::main FOR true' => [CONFIGURATION:../gpiERGen(overwrite=false,append=false,fileEncoding=utf-8), ../gpiERGen]
configuroConf:C:\Users\RAL~1\AppData\Local\Temp\OOH4RIA7811752272023323978.cfg
enc:utf-8
6352 [main] INFO  and2.pr.ProtectedRegionResolverImpl  - Source scan started ...
6368 [main] INFO  and2.pr.ProtectedRegionResolverImpl  - Source scan finished in 0.016s
6368 [main] INFO  and2.pr.ProtectedRegionResolverImpl  - Files scanned: 4
6368 [main] INFO  and2.pr.ProtectedRegionResolverImpl  - Regions found: 0
enc:utf-8
enc:utf-8
enc:utf-8
enc:utf-8
enc:utf-8
enc:utf-8
enc:utf-8
enc:utf-8
enc:utf-8
enc:utf-8
enc:utf-8
enc:utf-8
enc:utf-8
enc:utf-8
enc:utf-8
enc:utf-8
enc:utf-8
enc:utf-8
enc:utf-8
enc:utf-8
enc:utf-8
9364 [main] INFO         org.eclipse.xpand2.Generator  - Written 34 files to outlet [default](../gpiERGen)
9364 [main] INFO         org.eclipse.xpand2.Generator  - Skipped writing of 1 files to outlet [default](../gpiERGen)
9364 [main] INFO  e.core.container.CompositeComponent  - es.ua.dlsi.ooh.persistence.nhibernate.generator.workflowComponents.CreateSolution
9411 [main] INFO  e.core.container.CompositeComponent  - es.ua.dlsi.ooh.persistence.nhibernate.generator.workflowComponents.UpdateSolution
9458 [main] INFO  e.core.container.CompositeComponent  - es.ua.dlsi.ooh.persistence.nhibernate.generator.workflowComponents.CopyDLLs
../gpiERGen\gpiERGenNHibernate\AppLib\Antlr3.Runtime.dll
../gpiERGen\gpiERGenNHibernate\AppLib\Castle.DynamicProxy2.dll
../gpiERGen\gpiERGenNHibernate\AppLib\Iesi.Collections.dll
../gpiERGen\gpiERGenNHibernate\AppLib\LinFu.DynamicProxy.dll
../gpiERGen\gpiERGenNHibernate\AppLib\log4net.dll
../gpiERGen\gpiERGenNHibernate\AppLib\NHibernate.ByteCode.Castle.dll
../gpiERGen\gpiERGenNHibernate\AppLib\NHibernate.ByteCode.LinFu.dll
../gpiERGen\gpiERGenNHibernate\AppLib\NHibernate.dll
../gpiERGen\gpiERGenNHibernate\AppLib\nunit.core.dll
../gpiERGen\gpiERGenNHibernate\AppLib\nunit.framework.dll
9769 [main] INFO  eclipse.emf.mwe.core.WorkflowEngine  - workflow completed in 6670ms!
